    6260.951173277821        1.7969886497987019E-015   5.2298793712724750E-002
 dt,beta=     1.000000000000000        1.0000000000000000E-004
 amp,vpp,yd0 =    1.0000000000000000E-003    0.000000000000000      
    0.000000000000000     
 peritr,ifluid=             0            1
 tor,nonlin=     1.000000000000000                 1            0
 isuni=             0 amie=     1800.000000000000     
 kxcut,kycut,bcut=     1.500000000000000        0.2438529155614324      
    3000.000000000000     
 fradi,isg=     1.000000000000000         1.000000000000000     
 llk,mlk,onemd =            0            1            0
 vcut=     15.00000000000000     
 rneu=     0.000000000000000     
 V-ExB switch=     0.000000000000000     
 V-parallel switch=     0.000000000000000     
 mm1=       2097152
 pzcrite,encrit =     18.45460036368278        0.2000000000000000     
 nue0 =     1.000000000000000         1.000000000000000      
    1.000000000000000     
 xn0e(1),xnir0 =     1.242583310219486         0.000000000000000     
 frequ, eru =     0.000000000000000         0.000000000000000     
 lxa,lymult,delra,r0a,rina,routa=   0.6000000000000000      
    5.000000000000000        5.0000000000000003E-002   0.5000000000000000      
   0.2000000000000000        0.8000000000000000     
 a,r0,rmaj0,q0,lx,ly,lz=    254.4156581321278         127.2078290660639      
    706.7101614781327         1.410000000000000         152.6493948792767      
    113.3716826306532         6260.951173277823     
 t0,kyrhoi_local=    1.000000000000000        7.8377295547999742E-002
 coefu =     0.000000000000000     
 ktheta*rhos =    7.8377295547999742E-002
 cs/a, q0, q0p, s^hat =    2.7793367215602745E-003    1.410000000000000      
   6.0000000000000001E-003   0.5413099109194208     
 rho* = rhos/a =    5.5586734431205490E-003
 f0p,psip(nr/2),Bunit,candyf0p =     0.000000000000000      
    91.71635750579075         0.000000000000000         0.000000000000000     
 lxa min =    0.1310191895344038     
 t0i(nr/2)=     1.000000000000000     
 Gyrokrs =                        Inf
 parperp2 warning  m=        823543
 before grid1    3019.879656598000     
        0.0   0.180E-03   0.167E-08   0.000E+00   0.000E+00   0.000E+00   0.000E+00   0.000E+00   0.000E+00   0.000E+00   0.918E-01   0.180E-01   0.935E-01
 before ppush    3020.253230810000     
 after ppush    3020.328837033000     
 after cpush    3020.328838987000     
 before grid1    3020.401234056000     
 before ppush    3020.646385898000     
 after ppush    3020.646390717000     
 after cpush    3020.682983435000     
 before grid1    3020.791597160000     
        1.0   0.180E-03   0.177E-08   0.683E-10   0.118E-09   0.670E-10   0.729E-10   0.953E-04   0.000E+00   0.106E-05   0.925E-01   0.150E-01   0.937E-01
 before ppush    3021.040879051000     
 after ppush    3021.076524369000     
 after cpush    3021.076526573000     
 before grid1    3021.148003769000     
 before ppush    3021.389791082000     
 after ppush    3021.389795420000     
 after cpush    3021.426393539000     
 before grid1    3021.534865279000     
        2.0   0.180E-03   0.216E-08   0.205E-09   0.354E-09   0.200E-09   0.283E-09   0.953E-04   0.000E+00   0.211E-05   0.930E-01   0.121E-01   0.938E-01
 before ppush    3021.782409794000     
 after ppush    3021.818056745000     
 after cpush    3021.818058889000     
 before grid1    3021.889619747000     
 before ppush    3022.130267238000     
 after ppush    3022.130271326000     
 after cpush    3022.166797776000     
 before grid1    3022.275182528000     
        3.0   0.180E-03   0.308E-08   0.341E-09   0.589E-09   0.334E-09   0.491E-09   0.954E-04   0.000E+00   0.317E-05   0.937E-01   0.939E-02   0.941E-01
 before ppush    3022.521538446000     
 after ppush    3022.557055507000     
 after cpush    3022.557057580000     
 before grid1    3022.628510630000     
 before ppush    3022.869231794000     
 after ppush    3022.869236833000     
 after cpush    3022.905582774000     
 before grid1    3023.013986133000     
        4.0   0.180E-03   0.464E-08   0.478E-09   0.824E-09   0.467E-09   0.699E-09   0.954E-04   0.000E+00   0.422E-05   0.942E-01   0.673E-02   0.945E-01
 before ppush    3023.263907258000     
 after ppush    3023.299609827000     
 after cpush    3023.299611380000     
 before grid1    3023.371291729000     
 before ppush    3023.613224953000     
 after ppush    3023.613229753000     
 after cpush    3023.649639948000     
 before grid1    3023.757986106000     
        5.0   0.181E-03   0.680E-08   0.613E-09   0.106E-08   0.599E-09   0.906E-09   0.954E-04   0.000E+00   0.526E-05   0.951E-01   0.443E-02   0.952E-01
 before ppush    3024.006472239000     
 after ppush    3024.042086056000     
 after cpush    3024.042087689000     
 before grid1    3024.113791193000     
 before ppush    3024.355542506000     
 after ppush    3024.355547045000     
 after cpush    3024.391864822000     
 before grid1    3024.500405586000     
        6.0   0.181E-03   0.952E-08   0.748E-09   0.129E-08   0.731E-09   0.111E-08   0.954E-04   0.000E+00   0.630E-05   0.957E-01   0.233E-02   0.958E-01
 before ppush    3024.749201227000     
 after ppush    3024.784801778000     
 after cpush    3024.784803832000     
 before grid1    3024.856397914000     
 before ppush    3025.097142523000     
 after ppush    3025.097147292000     
 after cpush    3025.133734309000     
 before grid1    3025.242283990000     
        7.0   0.181E-03   0.128E-07   0.882E-09   0.152E-08   0.862E-09   0.132E-08   0.954E-04   0.000E+00   0.734E-05   0.965E-01   0.419E-03   0.965E-01
 before ppush    3025.490061234000     
 after ppush    3025.525671655000     
 after cpush    3025.525673258000     
 before grid1    3025.597317677000     
 before ppush    3025.837354919000     
 after ppush    3025.837359348000     
 after cpush    3025.873844508000     
 before grid1    3025.982281511000     
        8.0   0.181E-03   0.166E-07   0.101E-08   0.175E-08   0.991E-09   0.152E-08   0.955E-04   0.000E+00   0.836E-05   0.971E-01  -0.130E-02   0.972E-01
 before ppush    3026.230978061000     
 after ppush    3026.266612077000     
 after cpush    3026.266613941000     
 before grid1    3026.338138629000     
 before ppush    3026.580260598000     
 after ppush    3026.580265738000     
 after cpush    3026.616704348000     
 before grid1    3026.725248028000     
        9.0   0.181E-03   0.208E-07   0.115E-08   0.198E-08   0.112E-08   0.172E-08   0.955E-04   0.000E+00   0.938E-05   0.979E-01  -0.283E-02   0.979E-01
 before ppush    3026.974689176000     
 after ppush    3027.010319325000     
 after cpush    3027.010321008000     
 before grid1    3027.082297208000     
 before ppush    3027.326574451000     
 after ppush    3027.326579000000     
 after cpush    3027.363049592000     
 before grid1    3027.471429395000     
       10.0   0.181E-03   0.256E-07   0.128E-08   0.220E-08   0.125E-08   0.192E-08   0.955E-04   0.000E+00   0.104E-04   0.987E-01  -0.406E-02   0.988E-01
 before ppush    3027.720137417000     
 after ppush    3027.755630461000     
 after cpush    3027.755632505000     
 before grid1    3027.827333182000     
 before ppush    3028.068865603000     
 after ppush    3028.068870051000     
 after cpush    3028.105346495000     
 before grid1    3028.213850007000     
       11.0   0.182E-03   0.308E-07   0.140E-08   0.242E-08   0.137E-08   0.211E-08   0.956E-04   0.000E+00   0.114E-04   0.997E-01  -0.509E-02   0.999E-01
 before ppush    3028.463216140000     
 after ppush    3028.498885734000     
 after cpush    3028.498887618000     
 before grid1    3028.570496860000     
 before ppush    3028.811575694000     
 after ppush    3028.811580313000     
 after cpush    3028.848023943000     
 before grid1    3028.956318171000     
       12.0   0.182E-03   0.364E-07   0.153E-08   0.264E-08   0.149E-08   0.231E-08   0.956E-04   0.000E+00   0.124E-04   0.101E+00  -0.599E-02   0.101E+00
 before ppush    3029.204783113000     
 after ppush    3029.240323338000     
 after cpush    3029.240325111000     
 before grid1    3029.311885498000     
 before ppush    3029.554184019000     
 after ppush    3029.554189069000     
 after cpush    3029.590935123000     
 before grid1    3029.699212858000     
       13.0   0.182E-03   0.425E-07   0.165E-08   0.285E-08   0.162E-08   0.250E-08   0.956E-04   0.000E+00   0.133E-04   0.102E+00  -0.679E-02   0.102E+00
 before ppush    3029.950232706000     
 after ppush    3029.985902872000     
 after cpush    3029.985904485000     
 before grid1    3030.057571969000     
 before ppush    3030.299525844000     
 after ppush    3030.299530332000     
 after cpush    3030.336059748000     
 before grid1    3030.444307356000     
       14.0   0.182E-03   0.489E-07   0.178E-08   0.306E-08   0.174E-08   0.269E-08   0.956E-04   0.000E+00   0.143E-04   0.104E+00  -0.754E-02   0.104E+00
 before ppush    3030.693036057000     
 after ppush    3030.728694370000     
 after cpush    3030.728696134000     
 before grid1    3030.800239729000     
 before ppush    3031.040997473000     
 after ppush    3031.041002042000     
 after cpush    3031.077552167000     
 before grid1    3031.185782902000     
       15.0   0.182E-03   0.556E-07   0.190E-08   0.327E-08   0.185E-08   0.287E-08   0.957E-04   0.000E+00   0.152E-04   0.106E+00  -0.824E-02   0.106E+00
 before ppush    3031.435403577000     
 after ppush    3031.470991734000     
 after cpush    3031.470993398000     
 before grid1    3031.542731688000     
 before ppush    3031.784414259000     
 after ppush    3031.784418617000     
 after cpush    3031.820881975000     
 before grid1    3031.929142027000     
       16.0   0.183E-03   0.627E-07   0.201E-08   0.347E-08   0.197E-08   0.305E-08   0.957E-04   0.000E+00   0.162E-04   0.108E+00  -0.906E-02   0.108E+00
 before ppush    3032.179098661000     
 after ppush    3032.214677671000     
 after cpush    3032.214679374000     
 before grid1    3032.286383228000     
 before ppush    3032.529132500000     
 after ppush    3032.529137048000     
 after cpush    3032.565628330000     
 before grid1    3032.674073850000     
       17.0   0.183E-03   0.701E-07   0.213E-08   0.367E-08   0.208E-08   0.323E-08   0.957E-04   0.000E+00   0.171E-04   0.109E+00  -0.996E-02   0.110E+00
 before ppush    3032.944280211000     
 after ppush    3032.979836708000     
 after cpush    3032.979838241000     
 before grid1    3033.051628652000     
 before ppush    3033.308427323000     
 after ppush    3033.308432102000     
 after cpush    3033.344996706000     
 before grid1    3033.453390606000     
       18.0   0.183E-03   0.778E-07   0.224E-08   0.386E-08   0.219E-08   0.340E-08   0.958E-04   0.000E+00   0.180E-04   0.111E+00  -0.105E-01   0.112E+00
 before ppush    3033.702023213000     
 after ppush    3033.737560872000     
 after cpush    3033.737562646000     
 before grid1    3033.809061303000     
 before ppush    3034.061851201000     
 after ppush    3034.061855429000     
 after cpush    3034.098285583000     
 before grid1    3034.206626651000     
       19.0   0.183E-03   0.857E-07   0.235E-08   0.405E-08   0.230E-08   0.357E-08   0.958E-04   0.000E+00   0.189E-04   0.113E+00  -0.111E-01   0.114E+00
 before ppush    3034.455457870000     
 after ppush    3034.491005820000     
 after cpush    3034.491007764000     
 before grid1    3034.562539766000     
 before ppush    3034.803406601000     
 after ppush    3034.803410929000     
 after cpush    3034.839744336000     
 before grid1    3034.948161322000     
       20.0   0.184E-03   0.939E-07   0.246E-08   0.423E-08   0.240E-08   0.374E-08   0.958E-04   0.000E+00   0.197E-04   0.116E+00  -0.119E-01   0.116E+00
 before ppush    3035.196862620000     
 after ppush    3035.232461809000     
 after cpush    3035.232463503000     
 before grid1    3035.304115847000     
 before ppush    3035.548657130000     
 after ppush    3035.548661659000     
 after cpush    3035.585413774000     
 before grid1    3035.693766966000     
       21.0   0.184E-03   0.102E-06   0.256E-08   0.441E-08   0.250E-08   0.390E-08   0.959E-04   0.000E+00   0.206E-04   0.118E+00  -0.124E-01   0.119E+00
 before ppush    3035.944114134000     
 after ppush    3035.979658938000     
 after cpush    3035.979668517000     
 before grid1    3036.051400094000     
 before ppush    3036.294252785000     
 after ppush    3036.294257514000     
 after cpush    3036.330724419000     
 before grid1    3036.439141514000     
       22.0   0.184E-03   0.111E-06   0.266E-08   0.459E-08   0.260E-08   0.406E-08   0.959E-04   0.000E+00   0.214E-04   0.121E+00  -0.130E-01   0.121E+00
 before ppush    3036.692870655000     
 after ppush    3036.728432572000     
 after cpush    3036.728434106000     
 before grid1    3036.800089506000     
 before ppush    3037.040333748000     
 after ppush    3037.040338818000     
 after cpush    3037.076764864000     
 before grid1    3037.185466028000     
       23.0   0.185E-03   0.120E-06   0.276E-08   0.475E-08   0.269E-08   0.421E-08   0.959E-04   0.000E+00   0.222E-04   0.123E+00  -0.133E-01   0.124E+00
 before ppush    3037.434778006000     
 after ppush    3037.470341045000     
 after cpush    3037.470342789000     
 before grid1    3037.541877777000     
 before ppush    3037.782701939000     
 after ppush    3037.782706918000     
 after cpush    3037.819144396000     
 before grid1    3037.927495574000     
       24.0   0.185E-03   0.128E-06   0.285E-08   0.492E-08   0.279E-08   0.436E-08   0.960E-04   0.000E+00   0.230E-04   0.126E+00  -0.135E-01   0.127E+00
 before ppush    3038.176425735000     
 after ppush    3038.212065533000     
 after cpush    3038.212067316000     
 before grid1    3038.283604678000     
 before ppush    3038.525272811000     
 after ppush    3038.525277500000     
 after cpush    3038.561828608000     
 before grid1    3038.670303675000     
       25.0   0.185E-03   0.137E-06   0.294E-08   0.507E-08   0.287E-08   0.451E-08   0.960E-04   0.000E+00   0.237E-04   0.129E+00  -0.134E-01   0.130E+00
 before ppush    3038.919694215000     
 after ppush    3038.955167401000     
 after cpush    3038.955169264000     
 before grid1    3039.026918866000     
 before ppush    3039.269761047000     
 after ppush    3039.269765596000     
 after cpush    3039.306218173000     
 before grid1    3039.414439009000     
       26.0   0.186E-03   0.147E-06   0.303E-08   0.522E-08   0.296E-08   0.465E-08   0.960E-04   0.000E+00   0.245E-04   0.132E+00  -0.133E-01   0.132E+00
 before ppush    3039.665135031000     
 after ppush    3039.700742186000     
 after cpush    3039.700743849000     
 before grid1    3039.772493441000     
 before ppush    3040.013676186000     
 after ppush    3040.013680775000     
 after cpush    3040.050204369000     
 before grid1    3040.158600214000     
       27.0   0.186E-03   0.156E-06   0.311E-08   0.537E-08   0.304E-08   0.478E-08   0.961E-04   0.000E+00   0.252E-04   0.134E+00  -0.133E-01   0.135E+00
 before ppush    3040.407163706000     
 after ppush    3040.442699933000     
 after cpush    3040.442701627000     
 before grid1    3040.514499462000     
 before ppush    3040.754597372000     
 after ppush    3040.754601550000     
 after cpush    3040.791107520000     
 before grid1    3040.899342513000     
       28.0   0.186E-03   0.165E-06   0.320E-08   0.551E-08   0.312E-08   0.491E-08   0.961E-04   0.000E+00   0.259E-04   0.138E+00  -0.133E-01   0.138E+00
 before ppush    3041.148747882000     
 after ppush    3041.184375406000     
 after cpush    3041.184377400000     
 before grid1    3041.255901146000     
 before ppush    3041.498309528000     
 after ppush    3041.498314077000     
 after cpush    3041.534751706000     
 before grid1    3041.643069058000     
       29.0   0.186E-03   0.174E-06   0.327E-08   0.565E-08   0.320E-08   0.504E-08   0.961E-04   0.000E+00   0.266E-04   0.141E+00  -0.133E-01   0.141E+00
 before ppush    3041.893047765000     
 after ppush    3041.928560116000     
 after cpush    3041.928562490000     
 before grid1    3042.000010630000     
 before ppush    3042.241939888000     
 after ppush    3042.241944366000     
 after cpush    3042.278402204000     
 before grid1    3042.386767238000     
       30.0   0.187E-03   0.183E-06   0.335E-08   0.577E-08   0.327E-08   0.516E-08   0.962E-04   0.000E+00   0.273E-04   0.144E+00  -0.133E-01   0.144E+00
 before ppush    3042.635787964000     
 after ppush    3042.671364269000     
 after cpush    3042.671366082000     
 before grid1    3042.743134651000     
 before ppush    3042.985157369000     
 after ppush    3042.985161807000     
 after cpush    3043.021633121000     
 before grid1    3043.129846101000     
       31.0   0.187E-03   0.192E-06   0.342E-08   0.590E-08   0.334E-08   0.527E-08   0.962E-04   0.000E+00   0.279E-04   0.147E+00  -0.133E-01   0.148E+00
 before ppush    3043.380346987000     
 after ppush    3043.415891390000     
 after cpush    3043.415893353000     
 before grid1    3043.487441336000     
 before ppush    3043.729024395000     
 after ppush    3043.729028794000     
 after cpush    3043.765502331000     
 before grid1    3043.873969202000     
       32.0   0.187E-03   0.201E-06   0.349E-08   0.602E-08   0.340E-08   0.538E-08   0.962E-04   0.000E+00   0.285E-04   0.150E+00  -0.132E-01   0.151E+00
 before ppush    3044.122408605000     
 after ppush    3044.158058241000     
 after cpush    3044.158059875000     
 before grid1    3044.229712149000     
 before ppush    3044.472104661000     
 after ppush    3044.472108809000     
 after cpush    3044.508635630000     
 before grid1    3044.617010413000     
       33.0   0.187E-03   0.210E-06   0.355E-08   0.613E-08   0.347E-08   0.549E-08   0.963E-04   0.000E+00   0.291E-04   0.153E+00  -0.132E-01   0.154E+00
 before ppush    3044.867229524000     
 after ppush    3044.902950227000     
 after cpush    3044.902952151000     
 before grid1    3044.974507939000     
 before ppush    3045.217418222000     
 after ppush    3045.217422500000     
 after cpush    3045.254040597000     
 before grid1    3045.362313634000     
       34.0   0.188E-03   0.219E-06   0.361E-08   0.624E-08   0.353E-08   0.559E-08   0.963E-04   0.000E+00   0.297E-04   0.157E+00  -0.135E-01   0.157E+00
 before ppush    3045.611820849000     
 after ppush    3045.647364992000     
 after cpush    3045.647366735000     
 before grid1    3045.719052955000     
 before ppush    3045.960464001000     
 after ppush    3045.960468630000     
 after cpush    3045.996948741000     
 before grid1    3046.105360375000     
       35.0   0.188E-03   0.228E-06   0.367E-08   0.634E-08   0.358E-08   0.569E-08   0.963E-04   0.000E+00   0.303E-04   0.160E+00  -0.139E-01   0.160E+00
 before ppush    3046.353603940000     
 after ppush    3046.389248136000     
 after cpush    3046.389250099000     
 before grid1    3046.460942411000     
 before ppush    3046.703567252000     
 after ppush    3046.703572001000     
 after cpush    3046.739968891000     
 before grid1    3046.848271335000     
       36.0   0.188E-03   0.237E-06   0.372E-08   0.643E-08   0.364E-08   0.578E-08   0.964E-04   0.000E+00   0.308E-04   0.163E+00  -0.140E-01   0.163E+00
 before ppush    3047.098679760000     
 after ppush    3047.134283728000     
 after cpush    3047.134285472000     
 before grid1    3047.205954518000     
 before ppush    3047.450526180000     
 after ppush    3047.450531030000     
 after cpush    3047.487014186000     
 before grid1    3047.595126492000     
       37.0   0.188E-03   0.246E-06   0.378E-08   0.652E-08   0.369E-08   0.587E-08   0.964E-04   0.000E+00   0.313E-04   0.166E+00  -0.141E-01   0.167E+00
 before ppush    3047.847191018000     
 after ppush    3047.882630318000     
 after cpush    3047.882632222000     
 before grid1    3047.954224600000     
 before ppush    3048.200075874000     
 after ppush    3048.200080503000     
 after cpush    3048.236326792000     
 before grid1    3048.344680414000     
       38.0   0.189E-03   0.254E-06   0.382E-08   0.661E-08   0.373E-08   0.595E-08   0.965E-04   0.000E+00   0.318E-04   0.169E+00  -0.143E-01   0.169E+00
 before ppush    3048.595878176000     
 after ppush    3048.631564993000     
 after cpush    3048.631566737000     
 before grid1    3048.703120120000     
 before ppush    3048.945206591000     
 after ppush    3048.945210969000     
 after cpush    3048.981787626000     
 before grid1    3049.090222215000     
       39.0   0.189E-03   0.263E-06   0.387E-08   0.669E-08   0.377E-08   0.603E-08   0.965E-04   0.000E+00   0.323E-04   0.171E+00  -0.144E-01   0.172E+00
 before ppush    3049.340991399000     
 after ppush    3049.376640704000     
 after cpush    3049.376642297000     
 before grid1    3049.448169851000     
 before ppush    3049.703742504000     
 after ppush    3049.703746742000     
 after cpush    3049.740134293000     
 before grid1    3049.848483167000     
       40.0   0.189E-03   0.271E-06   0.391E-08   0.676E-08   0.381E-08   0.610E-08   0.965E-04   0.000E+00   0.327E-04   0.174E+00  -0.144E-01   0.175E+00
 before ppush    3050.098057863000     
 after ppush    3050.133696799000     
 after cpush    3050.133698662000     
 before grid1    3050.205162492000     
 before ppush    3050.447743849000     
 after ppush    3050.447748318000     
 after cpush    3050.484099679000     
 before grid1    3050.592377075000     
       41.0   0.189E-03   0.279E-06   0.395E-08   0.683E-08   0.385E-08   0.617E-08   0.966E-04   0.000E+00   0.332E-04   0.176E+00  -0.148E-01   0.177E+00
 before ppush    3050.842504609000     
 after ppush    3050.877974879000     
 after cpush    3050.877976872000     
 before grid1    3050.949478726000     
 before ppush    3051.193246986000     
 after ppush    3051.193251735000     
 after cpush    3051.229702429000     
 before grid1    3051.338139623000     
       42.0   0.189E-03   0.287E-06   0.398E-08   0.690E-08   0.389E-08   0.624E-08   0.966E-04   0.000E+00   0.336E-04   0.178E+00  -0.152E-01   0.179E+00
 before ppush    3051.590235980000     
 after ppush    3051.625881618000     
 after cpush    3051.625883542000     
 before grid1    3051.697499026000     
 before ppush    3051.940532496000     
 after ppush    3051.940537566000     
 after cpush    3051.977019009000     
 before grid1    3052.085200819000     
       43.0   0.189E-03   0.295E-06   0.402E-08   0.696E-08   0.392E-08   0.630E-08   0.967E-04   0.000E+00   0.340E-04   0.179E+00  -0.155E-01   0.180E+00
 before ppush    3052.336564340000     
 after ppush    3052.372123532000     
 after cpush    3052.372125286000     
 before grid1    3052.443794232000     
 before ppush    3052.687466156000     
 after ppush    3052.687470955000     
 after cpush    3052.723901480000     
 before grid1    3052.832035007000     
       44.0   0.190E-03   0.303E-06   0.404E-08   0.701E-08   0.395E-08   0.636E-08   0.967E-04   0.000E+00   0.343E-04   0.181E+00  -0.158E-01   0.181E+00
 before ppush    3053.084279851000     
 after ppush    3053.119893678000     
 after cpush    3053.119895321000     
 before grid1    3053.191520634000     
 before ppush    3053.436907500000     
 after ppush    3053.436915044000     
 after cpush    3053.473656740000     
 before grid1    3053.581789426000     
       45.0   0.190E-03   0.310E-06   0.407E-08   0.707E-08   0.397E-08   0.641E-08   0.967E-04   0.000E+00   0.347E-04   0.181E+00  -0.158E-01   0.182E+00
 before ppush    3053.834524868000     
 after ppush    3053.870121902000     
 after cpush    3053.870123666000     
 before grid1    3053.941774167000     
 before ppush    3054.188005534000     
 after ppush    3054.188010404000     
 after cpush    3054.224540271000     
 before grid1    3054.332657727000     
       46.0   0.190E-03   0.318E-06   0.409E-08   0.711E-08   0.399E-08   0.646E-08   0.968E-04   0.000E+00   0.350E-04   0.182E+00  -0.159E-01   0.183E+00
 before ppush    3054.585821236000     
 after ppush    3054.621351641000     
 after cpush    3054.621353495000     
 before grid1    3054.692939752000     
 before ppush    3054.935951220000     
 after ppush    3054.935955228000     
 after cpush    3054.972415980000     
 before grid1    3055.079817574000     
       47.0   0.190E-03   0.325E-06   0.411E-08   0.715E-08   0.401E-08   0.650E-08   0.968E-04   0.000E+00   0.353E-04   0.182E+00  -0.157E-01   0.183E+00
 before ppush    3055.333423537000     
 after ppush    3055.368925989000     
 after cpush    3055.368935487000     
 before grid1    3055.440332489000     
 before ppush    3055.681128337000     
 after ppush    3055.681132405000     
 after cpush    3055.717626852000     
 before grid1    3055.825261837000     
       48.0   0.190E-03   0.332E-06   0.413E-08   0.719E-08   0.403E-08   0.654E-08   0.969E-04   0.000E+00   0.356E-04   0.182E+00  -0.157E-01   0.183E+00
 before ppush    3056.071001875000     
 after ppush    3056.106511341000     
 after cpush    3056.106513154000     
 before grid1    3056.177945333000     
 before ppush    3056.414266597000     
 after ppush    3056.414270685000     
 after cpush    3056.450597950000     
 before grid1    3056.558547612000     
       49.0   0.190E-03   0.339E-06   0.415E-08   0.722E-08   0.405E-08   0.658E-08   0.969E-04   0.000E+00   0.359E-04   0.182E+00  -0.158E-01   0.183E+00
 before ppush    3056.833109067000     
 after ppush    3056.868723455000     
 after cpush    3056.868725319000     
 before grid1    3056.940385729000     
 before ppush    3057.185153719000     
 after ppush    3057.185157948000     
 after cpush    3057.221714746000     
 before grid1    3057.329893280000     
       50.0   0.190E-03   0.345E-06   0.416E-08   0.725E-08   0.406E-08   0.661E-08   0.969E-04   0.000E+00   0.361E-04   0.182E+00  -0.156E-01   0.183E+00
 before ppush    3057.582155719000     
 after ppush    3057.617802660000     
 after cpush    3057.617804964000     
 before grid1    3057.689193519000     
 before ppush    3057.933802302000     
 after ppush    3057.933806591000     
 after cpush    3057.970121863000     
 before grid1    3058.078292692000     
       51.0   0.190E-03   0.352E-06   0.417E-08   0.728E-08   0.407E-08   0.664E-08   0.970E-04   0.000E+00   0.364E-04   0.182E+00  -0.155E-01   0.183E+00
 before ppush    3058.330387045000     
 after ppush    3058.365810555000     
 after cpush    3058.365812318000     
 before grid1    3058.437395740000     
 before ppush    3058.681280084000     
 after ppush    3058.681284853000     
 after cpush    3058.717703675000     
 before grid1    3058.825848143000     
       52.0   0.190E-03   0.358E-06   0.418E-08   0.730E-08   0.407E-08   0.667E-08   0.970E-04   0.000E+00   0.366E-04   0.182E+00  -0.154E-01   0.182E+00
 before ppush    3059.076652244000     
 after ppush    3059.112141861000     
 after cpush    3059.112143755000     
 before grid1    3059.183509997000     
 before ppush    3059.428606843000     
 after ppush    3059.428611081000     
 after cpush    3059.465282561000     
 before grid1    3059.573671171000     
       53.0   0.190E-03   0.364E-06   0.418E-08   0.732E-08   0.408E-08   0.669E-08   0.971E-04   0.000E+00   0.368E-04   0.181E+00  -0.151E-01   0.182E+00
 before ppush    3059.827462804000     
 after ppush    3059.863010002000     
 after cpush    3059.863012056000     
 before grid1    3059.934664551000     
 before ppush    3060.175307794000     
 after ppush    3060.175311671000     
 after cpush    3060.211590823000     
 before grid1    3060.319143068000     
       54.0   0.190E-03   0.370E-06   0.419E-08   0.734E-08   0.408E-08   0.671E-08   0.971E-04   0.000E+00   0.370E-04   0.181E+00  -0.148E-01   0.182E+00
 before ppush    3060.564593577000     
 after ppush    3060.600221050000     
 after cpush    3060.600222864000     
 before grid1    3060.671668328000     
 before ppush    3060.909158079000     
 after ppush    3060.909162278000     
 after cpush    3060.945600838000     
 before grid1    3061.053438824000     
       55.0   0.190E-03   0.376E-06   0.419E-08   0.735E-08   0.408E-08   0.673E-08   0.972E-04   0.000E+00   0.372E-04   0.181E+00  -0.145E-01   0.182E+00
 before ppush    3061.299626157000     
 after ppush    3061.335113720000     
 after cpush    3061.335115273000     
 before grid1    3061.406418754000     
 before ppush    3061.650330080000     
 after ppush    3061.650334478000     
 after cpush    3061.686827955000     
 before grid1    3061.794839596000     
       56.0   0.190E-03   0.381E-06   0.419E-08   0.736E-08   0.408E-08   0.674E-08   0.972E-04   0.000E+00   0.373E-04   0.181E+00  -0.135E-01   0.182E+00
 before ppush    3062.048091466000     
 after ppush    3062.083688731000     
 after cpush    3062.083690514000     
 before grid1    3062.155121371000     
 before ppush    3062.399189169000     
 after ppush    3062.399194098000     
 after cpush    3062.435553185000     
 before grid1    3062.543714576000     
       57.0   0.190E-03   0.386E-06   0.418E-08   0.736E-08   0.408E-08   0.675E-08   0.972E-04   0.000E+00   0.375E-04   0.181E+00  -0.125E-01   0.181E+00
 before ppush    3062.797323676000     
 after ppush    3062.832902696000     
 after cpush    3062.832904750000     
 before grid1    3062.904521064000     
 before ppush    3063.151751002000     
 after ppush    3063.151755520000     
 after cpush    3063.188418414000     
 before grid1    3063.296799689000     
       58.0   0.190E-03   0.391E-06   0.418E-08   0.737E-08   0.407E-08   0.676E-08   0.973E-04   0.000E+00   0.376E-04   0.181E+00  -0.115E-01   0.181E+00
 before ppush    3063.549380102000     
 after ppush    3063.584921720000     
 after cpush    3063.584923403000     
 before grid1    3063.656285747000     
 before ppush    3063.899889669000     
 after ppush    3063.899893828000     
 after cpush    3063.936435357000     
 before grid1    3064.044487617000     
       59.0   0.190E-03   0.396E-06   0.417E-08   0.737E-08   0.407E-08   0.676E-08   0.973E-04   0.000E+00   0.377E-04   0.180E+00  -0.101E-01   0.180E+00
 before ppush    3064.296270859000     
 after ppush    3064.331916648000     
 after cpush    3064.331918561000     
 before grid1    3064.403567329000     
 before ppush    3064.647172324000     
 after ppush    3064.647176862000     
 after cpush    3064.683635381000     
 before grid1    3064.791801100000     
       60.0   0.190E-03   0.400E-06   0.416E-08   0.736E-08   0.406E-08   0.677E-08   0.974E-04   0.000E+00   0.378E-04   0.180E+00  -0.877E-02   0.180E+00
 before ppush    3065.043307308000     
 after ppush    3065.078813848000     
 after cpush    3065.078815952000     
 before grid1    3065.150162215000     
 before ppush    3065.395559522000     
 after ppush    3065.395564130000     
 after cpush    3065.432011969000     
 before grid1    3065.540232774000     
       61.0   0.190E-03   0.404E-06   0.415E-08   0.736E-08   0.405E-08   0.677E-08   0.974E-04   0.000E+00   0.379E-04   0.179E+00  -0.770E-02   0.180E+00
 before ppush    3065.792873473000     
 after ppush    3065.828430320000     
 after cpush    3065.828432144000     
 before grid1    3065.899595033000     
 before ppush    3066.140498498000     
 after ppush    3066.140503388000     
 after cpush    3066.176997375000     
 before grid1    3066.285024236000     
       62.0   0.190E-03   0.408E-06   0.414E-08   0.735E-08   0.404E-08   0.676E-08   0.975E-04   0.000E+00   0.380E-04   0.179E+00  -0.646E-02   0.179E+00
 before ppush    3066.538374927000     
 after ppush    3066.573925622000     
 after cpush    3066.573927536000     
 before grid1    3066.645412767000     
 before ppush    3066.895152482000     
 after ppush    3066.895157522000     
 after cpush    3066.931491750000     
 before grid1    3067.039694091000     
       63.0   0.190E-03   0.412E-06   0.413E-08   0.734E-08   0.402E-08   0.676E-08   0.975E-04   0.000E+00   0.381E-04   0.178E+00  -0.530E-02   0.178E+00
 before ppush    3067.290765177000     
 after ppush    3067.326434963000     
 after cpush    3067.326436906000     
 before grid1    3067.397893393000     
 before ppush    3067.641725005000     
 after ppush    3067.641729794000     
 after cpush    3067.678280761000     
 before grid1    3067.786555681000     
       64.0   0.190E-03   0.416E-06   0.411E-08   0.733E-08   0.401E-08   0.675E-08   0.975E-04   0.000E+00   0.382E-04   0.177E+00  -0.377E-02   0.177E+00
 before ppush    3068.037954692000     
 after ppush    3068.073564341000     
 after cpush    3068.073566475000     
 before grid1    3068.145142522000     
 before ppush    3068.389290094000     
 after ppush    3068.389294363000     
 after cpush    3068.425741901000     
 before grid1    3068.533766066000     
       65.0   0.190E-03   0.419E-06   0.409E-08   0.731E-08   0.399E-08   0.674E-08   0.976E-04   0.000E+00   0.382E-04   0.175E+00  -0.253E-02   0.175E+00
 before ppush    3068.785801716000     
 after ppush    3068.821352211000     
 after cpush    3068.821354275000     
 before grid1    3068.892839256000     
 before ppush    3069.138248115000     
 after ppush    3069.138252724000     
 after cpush    3069.174812038000     
 before grid1    3069.282752000000     
       66.0   0.190E-03   0.422E-06   0.408E-08   0.730E-08   0.398E-08   0.673E-08   0.976E-04   0.000E+00   0.383E-04   0.173E+00  -0.105E-02   0.173E+00
 before ppush    3069.535814845000     
 after ppush    3069.571354820000     
 after cpush    3069.571356613000     
 before grid1    3069.643095885000     
 before ppush    3069.887066736000     
 after ppush    3069.887071315000     
 after cpush    3069.923450170000     
 before grid1    3070.031764657000     
       67.0   0.190E-03   0.425E-06   0.406E-08   0.728E-08   0.396E-08   0.672E-08   0.977E-04   0.000E+00   0.383E-04   0.171E+00   0.123E-03   0.171E+00
 before ppush    3070.282520344000     
 after ppush    3070.318036102000     
 after cpush    3070.318037986000     
 before grid1    3070.389510433000     
 before ppush    3070.628607308000     
 after ppush    3070.628611707000     
 after cpush    3070.664937399000     
 before grid1    3070.772965953000     
       68.0   0.189E-03   0.427E-06   0.404E-08   0.726E-08   0.394E-08   0.671E-08   0.977E-04   0.000E+00   0.383E-04   0.169E+00   0.108E-02   0.169E+00
 before ppush    3071.023865399000     
 after ppush    3071.059369203000     
 after cpush    3071.059371117000     
 before grid1    3071.130709625000     
 before ppush    3071.374118280000     
 after ppush    3071.374122358000     
 after cpush    3071.410655561000     
 before grid1    3071.518933497000     
       69.0   0.189E-03   0.430E-06   0.402E-08   0.724E-08   0.392E-08   0.669E-08   0.978E-04   0.000E+00   0.384E-04   0.166E+00   0.195E-02   0.166E+00
 before ppush    3071.771525302000     
 after ppush    3071.807172063000     
 after cpush    3071.807173966000     
 before grid1    3071.878643968000     
 before ppush    3072.123607467000     
 after ppush    3072.123611925000     
 after cpush    3072.159892270000     
 before grid1    3072.268020256000     
       70.0   0.189E-03   0.432E-06   0.399E-08   0.722E-08   0.390E-08   0.668E-08   0.978E-04   0.000E+00   0.384E-04   0.162E+00   0.305E-02   0.162E+00
 before ppush    3072.520396635000     
 after ppush    3072.556027555000     
 after cpush    3072.556029429000     
 before grid1    3072.627551291000     
 before ppush    3072.876046662000     
 after ppush    3072.876051091000     
 after cpush    3072.912435967000     
 before grid1    3073.020630292000     
       71.0   0.189E-03   0.434E-06   0.397E-08   0.719E-08   0.387E-08   0.666E-08   0.979E-04   0.000E+00   0.384E-04   0.159E+00   0.375E-02   0.159E+00
 before ppush    3073.273985802000     
 after ppush    3073.309494716000     
 after cpush    3073.309496700000     
 before grid1    3073.380950220000     
 before ppush    3073.625561428000     
 after ppush    3073.625565817000     
 after cpush    3073.661964180000     
 before grid1    3073.770164826000     
       72.0   0.189E-03   0.436E-06   0.395E-08   0.717E-08   0.385E-08   0.664E-08   0.979E-04   0.000E+00   0.384E-04   0.156E+00   0.449E-02   0.156E+00
 before ppush    3074.035494617000     
 after ppush    3074.071082354000     
 after cpush    3074.071084198000     
 before grid1    3074.142454488000     
 before ppush    3074.384391419000     
 after ppush    3074.384395768000     
 after cpush    3074.420790463000     
 before grid1    3074.528594985000     
       73.0   0.189E-03   0.437E-06   0.392E-08   0.714E-08   0.383E-08   0.662E-08   0.980E-04   0.000E+00   0.384E-04   0.152E+00   0.521E-02   0.152E+00
 before ppush    3074.779055001000     
 after ppush    3074.814561872000     
 after cpush    3074.814563795000     
 before grid1    3074.885888126000     
 before ppush    3075.130567336000     
 after ppush    3075.130571393000     
 after cpush    3075.167009693000     
 before grid1    3075.274954025000     
       74.0   0.189E-03   0.439E-06   0.390E-08   0.712E-08   0.380E-08   0.660E-08   0.980E-04   0.000E+00   0.384E-04   0.148E+00   0.588E-02   0.148E+00
 before ppush    3075.528571571000     
 after ppush    3075.564213231000     
 after cpush    3075.564214985000     
 before grid1    3075.635701048000     
 before ppush    3075.879988601000     
 after ppush    3075.879992619000     
 after cpush    3075.916393657000     
 before grid1    3076.024362776000     
       75.0   0.189E-03   0.440E-06   0.387E-08   0.709E-08   0.378E-08   0.658E-08   0.980E-04   0.000E+00   0.384E-04   0.144E+00   0.630E-02   0.145E+00
 before ppush    3076.275911937000     
 after ppush    3076.311557535000     
 after cpush    3076.311559298000     
 before grid1    3076.382895823000     
 before ppush    3076.629544587000     
 after ppush    3076.629549366000     
 after cpush    3076.665807558000     
 before grid1    3076.773876941000     
       76.0   0.189E-03   0.441E-06   0.385E-08   0.706E-08   0.375E-08   0.656E-08   0.981E-04   0.000E+00   0.384E-04   0.140E+00   0.647E-02   0.140E+00
 before ppush    3077.027687369000     
 after ppush    3077.063285376000     
 after cpush    3077.063287079000     
 before grid1    3077.134632881000     
 before ppush    3077.379168864000     
 after ppush    3077.379173273000     
 after cpush    3077.415885943000     
 before grid1    3077.524099274000     
       77.0   0.188E-03   0.442E-06   0.382E-08   0.704E-08   0.373E-08   0.654E-08   0.981E-04   0.000E+00   0.384E-04   0.135E+00   0.646E-02   0.136E+00
 before ppush    3077.774881994000     
 after ppush    3077.810462116000     
 after cpush    3077.810463879000     
 before grid1    3077.881822767000     
 before ppush    3078.126550390000     
 after ppush    3078.126555008000     
 after cpush    3078.162912602000     
 before grid1    3078.271171051000     
       78.0   0.188E-03   0.443E-06   0.380E-08   0.701E-08   0.370E-08   0.651E-08   0.982E-04   0.000E+00   0.384E-04   0.131E+00   0.627E-02   0.131E+00
 before ppush    3078.524001586000     
 after ppush    3078.559493177000     
 after cpush    3078.559494670000     
 before grid1    3078.631112528000     
 before ppush    3078.875701133000     
 after ppush    3078.875705541000     
 after cpush    3078.912233324000     
 before grid1    3079.020186112000     
       79.0   0.188E-03   0.443E-06   0.377E-08   0.698E-08   0.368E-08   0.649E-08   0.982E-04   0.000E+00   0.383E-04   0.126E+00   0.624E-02   0.126E+00
 before ppush    3079.272167216000     
 after ppush    3079.307765353000     
 after cpush    3079.307767648000     
 before grid1    3079.379150221000     
 before ppush    3079.622510653000     
 after ppush    3079.622515392000     
 after cpush    3079.659006804000     
 before grid1    3079.767047151000     
       80.0   0.188E-03   0.444E-06   0.374E-08   0.695E-08   0.365E-08   0.647E-08   0.983E-04   0.000E+00   0.383E-04   0.121E+00   0.611E-02   0.121E+00
 before ppush    3080.018421013000     
 after ppush    3080.053936610000     
 after cpush    3080.053938354000     
 before grid1    3080.125499122000     
 before ppush    3080.370357236000     
 after ppush    3080.370361865000     
 after cpush    3080.406819743000     
 before grid1    3080.514830923000     
       81.0   0.188E-03   0.444E-06   0.372E-08   0.693E-08   0.363E-08   0.645E-08   0.983E-04   0.000E+00   0.383E-04   0.115E+00   0.572E-02   0.115E+00
 before ppush    3080.767432217000     
 after ppush    3080.802932344000     
 after cpush    3080.802934338000     
 before grid1    3080.874316600000     
 before ppush    3081.119781167000     
 after ppush    3081.119785515000     
 after cpush    3081.156161024000     
 before grid1    3081.264191221000     
       82.0   0.188E-03   0.444E-06   0.369E-08   0.690E-08   0.360E-08   0.642E-08   0.984E-04   0.000E+00   0.383E-04   0.109E+00   0.504E-02   0.110E+00
 before ppush    3081.517646474000     
 after ppush    3081.553058140000     
 after cpush    3081.553059974000     
 before grid1    3081.624748167000     
 before ppush    3081.869242971000     
 after ppush    3081.869247259000     
 after cpush    3081.905490402000     
 before grid1    3082.013545197000     
       83.0   0.188E-03   0.444E-06   0.366E-08   0.687E-08   0.357E-08   0.640E-08   0.984E-04   0.000E+00   0.383E-04   0.104E+00   0.438E-02   0.104E+00
 before ppush    3082.264257010000     
 after ppush    3082.299857161000     
 after cpush    3082.299859104000     
 before grid1    3082.371206559000     
 before ppush    3082.614674775000     
 after ppush    3082.614679524000     
 after cpush    3082.651096931000     
 before grid1    3082.759343169000     
       84.0   0.188E-03   0.444E-06   0.364E-08   0.685E-08   0.355E-08   0.638E-08   0.985E-04   0.000E+00   0.382E-04   0.987E-01   0.365E-02   0.988E-01
 before ppush    3083.007028100000     
 after ppush    3083.042580216000     
 after cpush    3083.042581999000     
 before grid1    3083.114009545000     
 before ppush    3083.355788748000     
 after ppush    3083.355792986000     
 after cpush    3083.392302070000     
 before grid1    3083.500379843000     
       85.0   0.188E-03   0.443E-06   0.361E-08   0.682E-08   0.352E-08   0.635E-08   0.985E-04   0.000E+00   0.382E-04   0.933E-01   0.284E-02   0.933E-01
 before ppush    3083.748387878000     
 after ppush    3083.783973117000     
 after cpush    3083.783974780000     
 before grid1    3083.855343873000     
 before ppush    3084.095531522000     
 after ppush    3084.095535549000     
 after cpush    3084.131868924000     
 before grid1    3084.239911970000     
       86.0   0.187E-03   0.443E-06   0.358E-08   0.680E-08   0.350E-08   0.633E-08   0.985E-04   0.000E+00   0.382E-04   0.877E-01   0.194E-02   0.877E-01
 before ppush    3084.492859526000     
 after ppush    3084.528384029000     
 after cpush    3084.528385822000     
 before grid1    3084.599923791000     
 before ppush    3084.843441652000     
 after ppush    3084.843446081000     
 after cpush    3084.879930017000     
 before grid1    3084.987849844000     
       87.0   0.187E-03   0.442E-06   0.356E-08   0.677E-08   0.347E-08   0.631E-08   0.986E-04   0.000E+00   0.382E-04   0.822E-01   0.128E-02   0.822E-01
 before ppush    3085.236818445000     
 after ppush    3085.272289854000     
 after cpush    3085.272291628000     
 before grid1    3085.343831170000     
 before ppush    3085.587005207000     
 after ppush    3085.587009495000     
 after cpush    3085.623544950000     
 before grid1    3085.731581854000     
       88.0   0.187E-03   0.441E-06   0.353E-08   0.675E-08   0.345E-08   0.629E-08   0.986E-04   0.000E+00   0.382E-04   0.767E-01   0.547E-03   0.767E-01
 before ppush    3085.982960159000     
 after ppush    3086.018571078000     
 after cpush    3086.018573233000     
 before grid1    3086.090148764000     
 before ppush    3086.333841223000     
 after ppush    3086.333845972000     
 after cpush    3086.370320590000     
 before grid1    3086.478583139000     
       89.0   0.187E-03   0.441E-06   0.351E-08   0.673E-08   0.343E-08   0.627E-08   0.987E-04   0.000E+00   0.382E-04   0.713E-01   0.148E-04   0.713E-01
 before ppush    3086.730264149000     
 after ppush    3086.765843197000     
 after cpush    3086.765844991000     
 before grid1    3086.837150651000     
 before ppush    3087.081595372000     
 after ppush    3087.081599791000     
 after cpush    3087.118059589000     
 before grid1    3087.226054853000     
       90.0   0.187E-03   0.440E-06   0.349E-08   0.670E-08   0.340E-08   0.625E-08   0.987E-04   0.000E+00   0.382E-04   0.661E-01  -0.492E-03   0.661E-01
 before ppush    3087.479178319000     
 after ppush    3087.514781243000     
 after cpush    3087.514783227000     
 before grid1    3087.586360282000     
 before ppush    3087.832602004000     
 after ppush    3087.832606523000     
 after cpush    3087.869032397000     
 before grid1    3087.977025045000     
       91.0   0.187E-03   0.439E-06   0.346E-08   0.668E-08   0.338E-08   0.623E-08   0.988E-04   0.000E+00   0.381E-04   0.607E-01  -0.122E-02   0.607E-01
 before ppush    3088.229404955000     
 after ppush    3088.264904839000     
 after cpush    3088.264907014000     
 before grid1    3088.336422460000     
 before ppush    3088.580849567000     
 after ppush    3088.580853805000     
 after cpush    3088.617214142000     
 before grid1    3088.725191190000     
       92.0   0.187E-03   0.438E-06   0.344E-08   0.666E-08   0.336E-08   0.621E-08   0.988E-04   0.000E+00   0.381E-04   0.552E-01  -0.202E-02   0.552E-01
 before ppush    3088.976857512000     
 after ppush    3089.012365402000     
 after cpush    3089.012367005000     
 before grid1    3089.083756798000     
 before ppush    3089.322854471000     
 after ppush    3089.322858979000     
 after cpush    3089.359115005000     
 before grid1    3089.466768348000     
       93.0   0.187E-03   0.437E-06   0.342E-08   0.665E-08   0.334E-08   0.619E-08   0.989E-04   0.000E+00   0.381E-04   0.494E-01  -0.274E-02   0.495E-01
 before ppush    3089.717099600000     
 after ppush    3089.752693126000     
 after cpush    3089.752694639000     
 before grid1    3089.824306581000     
 before ppush    3090.068270704000     
 after ppush    3090.068275463000     
 after cpush    3090.104787082000     
 before grid1    3090.212880215000     
       94.0   0.187E-03   0.435E-06   0.340E-08   0.663E-08   0.331E-08   0.617E-08   0.989E-04   0.000E+00   0.381E-04   0.439E-01  -0.343E-02   0.440E-01
 before ppush    3090.465736395000     
 after ppush    3090.501238965000     
 after cpush    3090.501240818000     
 before grid1    3090.572618658000     
 before ppush    3090.816934050000     
 after ppush    3090.816938629000     
 after cpush    3090.853179906000     
 before grid1    3090.961238281000     
       95.0   0.187E-03   0.434E-06   0.337E-08   0.661E-08   0.329E-08   0.616E-08   0.990E-04   0.000E+00   0.381E-04   0.381E-01  -0.391E-02   0.383E-01
 before ppush    3091.213517687000     
 after ppush    3091.249028442000     
 after cpush    3091.249030306000     
 before grid1    3091.320572053000     
 before ppush    3091.565466272000     
 after ppush    3091.565471021000     
 after cpush    3091.601881585000     
 before grid1    3091.709895935000     
       96.0   0.187E-03   0.432E-06   0.335E-08   0.660E-08   0.327E-08   0.614E-08   0.990E-04   0.000E+00   0.382E-04   0.322E-01  -0.430E-02   0.325E-01
 before ppush    3091.962833823000     
 after ppush    3091.998432730000     
 after cpush    3091.998434643000     
 before grid1    3092.069913278000     
 before ppush    3092.313580688000     
 after ppush    3092.313584856000     
 after cpush    3092.350084642000     
 before grid1    3092.458322875000     
       97.0   0.187E-03   0.431E-06   0.333E-08   0.659E-08   0.326E-08   0.613E-08   0.991E-04   0.000E+00   0.382E-04   0.265E-01  -0.443E-02   0.269E-01
 before ppush    3092.709359520000     
 after ppush    3092.744887078000     
 after cpush    3092.744888811000     
 before grid1    3092.816310446000     
 before ppush    3093.059294456000     
 after ppush    3093.059298824000     
 after cpush    3093.095749566000     
 before grid1    3093.203755059000     
       98.0   0.186E-03   0.430E-06   0.332E-08   0.657E-08   0.324E-08   0.612E-08   0.991E-04   0.000E+00   0.382E-04   0.212E-01  -0.464E-02   0.217E-01
 before ppush    3093.455598663000     
 after ppush    3093.491164084000     
 after cpush    3093.491165908000     
 before grid1    3093.562446790000     
 before ppush    3093.807862207000     
 after ppush    3093.807867006000     
 after cpush    3093.844281227000     
 before grid1    3093.952183501000     
       99.0   0.186E-03   0.428E-06   0.330E-08   0.656E-08   0.322E-08   0.611E-08   0.992E-04   0.000E+00   0.382E-04   0.157E-01  -0.455E-02   0.163E-01
 before ppush    3094.203969473000     
 after ppush    3094.239554953000     
 parperp2 warning  m=        373476
 parperp2 warning  m=        373477
 parperp2 warning  m=        299255
 parperp2 warning  m=        598510
 parperp2 warning  m=         74222
 parperp2 warning  m=        148443
 parperp2 warning  m=        148444
 parperp2 warning  m=        971986
 parperp2 warning  m=        971987
 after cpush    3094.239556567000     
 before grid1    3094.310925399000     
 before ppush    3094.554099476000     
 after ppush    3094.554104005000     
 after cpush    3094.590470674000     
 right caculation
 total_tm    74.86790821749992      poisson_tm    0.000000000000000      
 ppush_tm   0.1392601385596208      cpush_tm   0.2264579306502128      pmove_tm
     23.74079376996087      grid1_tm   0.1123913231131155      others 
    50.76139637832921     
